build/app/outputs/mapping/release/seeds.txt
com.bansalandsons.jewellaryApplication.MainActivity
com.bansalandsons.jewellaryApplication.MainActivity: MainActivity()
...
io.flutter.embedding.engine.FlutterJNI: FlutterJNI()
androidx.appcompat.widget.ActionBarContainer: void setSplitBackground(android.graphics.drawable.Drawable)
io.flutter.embedding.engine.FlutterJNI: long nativeAttach(io.flutter.embedding.engine.FlutterJNI)
androidx.appcompat.widget.AppCompatTextHelper$Api21Impl: java.util.Locale forLanguageTag(java.lang.String)
com.google.common.base.Function: boolean equals(java.lang.Object)
androidx.preference.TwoStatePreference: TwoStatePreference(android.content.Context,android.util.AttributeSet)
androidx.core.view.ViewCompat$Api29Impl: java.util.List getSystemGestureExclusionRects(android.view.View)
androidx.fragment.app.DefaultSpecialEffectsController$Api24Impl: long totalDuration(android.animation.AnimatorSet)
androidx.media3.exoplayer.audio.DefaultAudioOffloadSupportProvider$Api31: androidx.media3.exoplayer.audio.AudioOffloadSupport getOffloadedPlaybackSupport(android.media.AudioFormat,android.media.AudioAttributes,boolean)
androidx.vectordrawable.graphics.drawable.VectorDrawableCompat$VFullPath: void setFillAlpha(float)
androidx.vectordrawable.graphics.drawable.VectorDrawableCompat$VGroup: android.graphics.Matrix getLocalMatrix()
androidx.appcompat.widget.SearchView: void setIconified(boolean)
androidx.lifecycle.ReportFragment: ReportFragment()
com.google.android.material.internal.NavigationMenuItemView: void setIcon(android.graphics.drawable.Drawable)
androidx.appcompat.widget.AppCompatTextViewAutoSizeHelper$Impl23: AppCompatTextViewAutoSizeHelper$Impl23()
androidx.core.view.ViewConfigurationCompat$Api26Impl: float getScaledHorizontalScrollFactor(android.view.ViewConfiguration)
com.google.android.material.textfield.TextInputLayout: void setShapeAppearanceModel(com.google.android.material.shape.ShapeAppearanceModel)
androidx.vectordrawable.graphics.drawable.VectorDrawableCompat$VGroup: float getScaleY()
androidx.core.view.ViewConfigurationCompat$Api34Impl: int getScaledMinimumFlingVelocity(android.view.ViewConfiguration,int,int,int)
com.google.android.material.textfield.TextInputLayout: android.widget.EditText getEditText()
androidx.appcompat.widget.AppCompatCheckBox: android.graphics.PorterDuff$Mode getSupportCompoundDrawablesTintMode()
androidx.appcompat.widget.Toolbar: void setTitleMarginEnd(int)
androidx.core.app.NotificationManagerCompat$Api24Impl: boolean areNotificationsEnabled(android.app.NotificationManager)
com.google.android.material.chip.Chip: void setBackgroundColor(int)
androidx.core.content.ContextCompat$Api28Impl: java.util.concurrent.Executor getMainExecutor(android.content.Context)
io.flutter.embedding.engine.mutatorsstack.FlutterMutatorView: void setOnDescendantFocusChangeListener(android.view.View$OnFocusChangeListener)
androidx.appcompat.view.ContextThemeWrapper$Api17Impl: android.content.Context createConfigurationContext(androidx.appcompat.view.ContextThemeWrapper,android.content.res.Configuration)
androidx.core.view.ViewCompat$Api28Impl: java.lang.Object requireViewById(android.view.View,int)
androidx.core.graphics.drawable.IconCompat$Api30Impl: android.graphics.drawable.Icon createWithAdaptiveBitmapContentUri(android.net.Uri)
androidx.transition.ViewGroupUtils$Api29Impl: void suppressLayout(android.view.ViewGroup,boolean)
androidx.constraintlayout.helper.widget.Flow: void setFirstHorizontalBias(float)
androidx.appcompat.widget.ActivityChooserView$InnerLayout: ActivityChooserView$InnerLayout(android.content.Context,android.util.AttributeSet)
com.google.android.material.button.MaterialButton: void setBackgroundDrawable(android.graphics.drawable.Drawable)
androidx.core.widget.NestedScrollView: int getNestedScrollAxes()
com.google.android.material.textfield.TextInputLayout: void setSuffixTextAppearance(int)
io.flutter.plugins.imagepicker.ImagePickerFileProvider: ImagePickerFileProvider()
androidx.lifecycle.ProcessLifecycleOwner$Api29Impl: void registerActivityLifecycleCallbacks(android.app.Activity,android.app.Application$ActivityLifecycleCallbacks)