build/app/outputs/mapping/release/usage.txt
com.bansalandsons.jewellaryApplication.R$drawable
com.bansalandsons.jewellaryApplication.R$mipmap
com.bansalandsons.jewellaryApplication.R$style
com.bansalandsons.jewellaryApplication.R
...
com.google.common.primitives.Longs$LexicographicalComparator
com.google.common.primitives.Longs$LongArrayAsList
com.google.common.primitives.Longs$LongConverter
com.google.common.primitives.Longs:
    public static final int BYTES
    public static final long MAX_POWER_OF_TWO
    private void <init>()
    static synthetic int access$000(long[],long,int,int)
    static synthetic int access$100(long[],long,int,int)
    public static varargs java.util.List asList(long[])
    private static int checkNoOverflow(long)
    public static varargs long[] concat(long[][])
    public static long constrainToRange(long,long,long)
    public static boolean contains(long[],long)
    public static long[] ensureCapacity(long[],int,int)
    public static long fromByteArray(byte[])
    public static long fromBytes(byte,byte,byte,byte,byte,byte,byte,byte)
    public static int indexOf(long[],long)
    private static int indexOf(long[],long,int,int)
    public static int indexOf(long[],long[])
    public static varargs java.lang.String join(java.lang.String,long[])
    public static int lastIndexOf(long[],long)
    private static int lastIndexOf(long[],long,int,int)
    public static java.util.Comparator lexicographicalComparator()
    public static varargs long min(long[])
    public static void reverse(long[])
    public static void reverse(long[],int,int)
    public static void rotate(long[],int)
    public static void rotate(long[],int,int,int)
    public static void sortDescending(long[])
    public static void sortDescending(long[],int,int)
    public static com.google.common.base.Converter stringConverter()
com.google.common.primitives.ParametricNullness
com.google.common.primitives.ParseRequest
com.google.common.primitives.Primitives
com.google.common.primitives.Shorts$LexicographicalComparator
com.google.common.primitives.Shorts$ShortArrayAsList
com.google.common.primitives.Shorts$ShortConverter
com.google.common.primitives.Shorts
com.google.common.primitives.ShortsMethodsForWeb
com.google.common.primitives.SignedBytes$LexicographicalComparator
com.google.common.primitives.SignedBytes
com.google.common.primitives.UnsignedBytes$LexicographicalComparatorHolder$PureJavaComparator
com.google.common.primitives.UnsignedBytes$LexicographicalComparatorHolder$UnsafeComparator$1
com.google.common.primitives.UnsignedBytes$LexicographicalComparatorHolder$UnsafeComparator
com.google.common.primitives.UnsignedBytes$LexicographicalComparatorHolder
com.google.common.primitives.UnsignedBytes:
    public static final byte MAX_POWER_OF_TWO
    public static final byte MAX_VALUE
    private static final int UNSIGNED_MASK
    private void <init>()
    public static int compare(byte,byte)
    private static byte flip(byte)
    public static varargs java.lang.String join(java.lang.String,byte[])
    public static java.util.Comparator lexicographicalComparator()
    static java.util.Comparator lexicographicalComparatorJavaImpl()
    public static varargs byte max(byte[])
    public static varargs byte min(byte[])
    public static byte parseUnsignedByte(java.lang.String)
    public static byte parseUnsignedByte(java.lang.String,int)
    public static byte saturatedCast(long)
    public static void sort(byte[])
    public static void sort(byte[],int,int)
    public static void sortDescending(byte[])
    public static void sortDescending(byte[],int,int)
    public static java.lang.String toString(byte)
    public static java.lang.String toString(byte,int)
com.google.common.primitives.UnsignedInteger
com.google.common.primitives.UnsignedInts$LexicographicalComparator
com.google.common.primitives.UnsignedInts
com.google.common.primitives.UnsignedLong
com.google.common.primitives.UnsignedLongs$LexicographicalComparator
com.google.common.primitives.UnsignedLongs$ParseOverflowDetection
com.google.common.primitives.UnsignedLongs
com.google.common.primitives.package-info
com.google.common.reflect.AbstractInvocationHandler
com.google.common.reflect.ClassPath$ClassInfo